Flow report for maze
Sun Oct 26 21:58:48 2014
Quartus II Version 9.1 Build 222 10/21/2009 SJ Full Version


---------------------
; Table of Contents ;
---------------------
  1. Legal Notice
  2. Flow Summary
  3. Flow Settings
  4. Flow Non-Default Global Settings
  5. Flow Elapsed Time
  6. Flow OS Summary
  7. Flow Log



----------------
; Legal Notice ;
----------------
Copyright (C) 1991-2009 Altera Corporation
Your use of Altera Corporation's design tools, logic functions 
and other software and tools, and its AMPP partner logic 
functions, and any output files from any of the foregoing 
(including device programming or simulation files), and any 
associated documentation or information are expressly subject 
to the terms and conditions of the Altera Program License 
Subscription Agreement, Altera MegaCore Function License 
Agreement, or other applicable license agreement, including, 
without limitation, that your use is for the sole purpose of 
programming logic devices manufactured by Altera and sold by 
Altera or its authorized distributors.  Please refer to the 
applicable agreement for further details.



+--------------------------------------------------------------------+
; Flow Summary                                                       ;
+-------------------------+------------------------------------------+
; Flow Status             ; Successful - Sun Oct 26 21:58:48 2014    ;
; Quartus II Version      ; 9.1 Build 222 10/21/2009 SJ Full Version ;
; Revision Name           ; maze                                     ;
; Top-level Entity Name   ; maze                                     ;
; Family                  ; MAX II                                   ;
; Device                  ; EPM1270T144C5                            ;
; Timing Models           ; Final                                    ;
; Met timing requirements ; No                                       ;
; Total logic elements    ; 501 / 1,270 ( 39 % )                     ;
; Total pins              ; 45 / 116 ( 39 % )                        ;
; Total virtual pins      ; 0                                        ;
; UFM blocks              ; 0 / 1 ( 0 % )                            ;
+-------------------------+------------------------------------------+


+-----------------------------------------+
; Flow Settings                           ;
+-------------------+---------------------+
; Option            ; Setting             ;
+-------------------+---------------------+
; Start date & time ; 10/26/2014 21:58:38 ;
; Main task         ; Compilation         ;
; Revision Name     ; maze                ;
+-------------------+---------------------+


+----------------------------------------------------------------------------------------------------------------------------------------------+
; Flow Non-Default Global Settings                                                                                                             ;
+---------------------------------------+-------------------------------------------------------+---------------+-------------+----------------+
; Assignment Name                       ; Value                                                 ; Default Value ; Entity Name ; Section Id     ;
+---------------------------------------+-------------------------------------------------------+---------------+-------------+----------------+
; COMPILER_SIGNATURE_ID                 ; 132571087773452.141433191805924                       ; --            ; --          ; --             ;
; MAX_CORE_JUNCTION_TEMP                ; 85                                                    ; --            ; --          ; --             ;
; MIN_CORE_JUNCTION_TEMP                ; 0                                                     ; --            ; --          ; --             ;
; MISC_FILE                             ; E:/数字电路与逻辑分析实验（下）/shudian/maze/maze.dpf ; --            ; --          ; --             ;
; POWER_EXT_SUPPLY_VOLTAGE_TO_REGULATOR ; 3.3V                                                  ; --            ; --          ; --             ;
; USE_GENERATED_PHYSICAL_CONSTRAINTS    ; Off                                                   ; --            ; --          ; eda_blast_fpga ;
+---------------------------------------+-------------------------------------------------------+---------------+-------------+----------------+


+-----------------------------------------------------------------------------------------------------------------------------+
; Flow Elapsed Time                                                                                                           ;
+-------------------------+--------------+-------------------------+---------------------+------------------------------------+
; Module Name             ; Elapsed Time ; Average Processors Used ; Peak Virtual Memory ; Total CPU Time (on all processors) ;
+-------------------------+--------------+-------------------------+---------------------+------------------------------------+
; Analysis & Synthesis    ; 00:00:04     ; 1.0                     ; 244 MB              ; 00:00:04                           ;
; Fitter                  ; 00:00:02     ; 1.0                     ; 232 MB              ; 00:00:02                           ;
; Assembler               ; 00:00:01     ; 1.0                     ; 192 MB              ; 00:00:00                           ;
; Classic Timing Analyzer ; 00:00:01     ; 1.0                     ; 163 MB              ; 00:00:01                           ;
; Total                   ; 00:00:08     ; --                      ; --                  ; 00:00:07                           ;
+-------------------------+--------------+-------------------------+---------------------+------------------------------------+


+------------------------------------------------------------------------------------------+
; Flow OS Summary                                                                          ;
+-------------------------+------------------+---------------+------------+----------------+
; Module Name             ; Machine Hostname ; OS Name       ; OS Version ; Processor type ;
+-------------------------+------------------+---------------+------------+----------------+
; Analysis & Synthesis    ; zhangyu-PC       ; Windows Vista ; 6.1        ; x86_64         ;
; Fitter                  ; zhangyu-PC       ; Windows Vista ; 6.1        ; x86_64         ;
; Assembler               ; zhangyu-PC       ; Windows Vista ; 6.1        ; x86_64         ;
; Classic Timing Analyzer ; zhangyu-PC       ; Windows Vista ; 6.1        ; x86_64         ;
+-------------------------+------------------+---------------+------------+----------------+


------------
; Flow Log ;
------------
quartus_map --read_settings_files=on --write_settings_files=off maze -c maze
quartus_fit --read_settings_files=off --write_settings_files=off maze -c maze
quartus_asm --read_settings_files=off --write_settings_files=off maze -c maze
quartus_tan --read_settings_files=off --write_settings_files=off maze -c maze



