Classic Timing Analyzer report for maze
Sun Oct 26 21:58:48 2014
Quartus II Version 9.1 Build 222 10/21/2009 SJ Full Version


---------------------
; Table of Contents ;
---------------------
  1. Legal Notice
  2. Timing Analyzer Summary
  3. Timing Analyzer Settings
  4. Clock Settings Summary
  5. Parallel Compilation
  6. Clock Setup: 'clk'
  7. Clock Hold: 'clk'
  8. tsu
  9. tco
 10. th
 11. Timing Analyzer Messages



----------------
; Legal Notice ;
----------------
Copyright (C) 1991-2009 Altera Corporation
Your use of Altera Corporation's design tools, logic functions 
and other software and tools, and its AMPP partner logic 
functions, and any output files from any of the foregoing 
(including device programming or simulation files), and any 
associated documentation or information are expressly subject 
to the terms and conditions of the Altera Program License 
Subscription Agreement, Altera MegaCore Function License 
Agreement, or other applicable license agreement, including, 
without limitation, that your use is for the sole purpose of 
programming logic devices manufactured by Altera and sold by 
Altera or its authorized distributors.  Please refer to the 
applicable agreement for further details.



+----------------------------------------------------------------------------------------------------------------------------------------------------------------------------------------------------+
; Timing Analyzer Summary                                                                                                                                                                            ;
+------------------------------+------------------------------------------+---------------+----------------------------------+------------------+-------------+------------+----------+--------------+
; Type                         ; Slack                                    ; Required Time ; Actual Time                      ; From             ; To          ; From Clock ; To Clock ; Failed Paths ;
+------------------------------+------------------------------------------+---------------+----------------------------------+------------------+-------------+------------+----------+--------------+
; Worst-case tsu               ; N/A                                      ; None          ; 7.084 ns                         ; r                ; steps[2]    ; --         ; clk      ; 0            ;
; Worst-case tco               ; N/A                                      ; None          ; 13.331 ns                        ; smgstate[5]~reg0 ; smgstate[5] ; clk        ; --       ; 0            ;
; Worst-case th                ; N/A                                      ; None          ; 4.373 ns                         ; l                ; x[0]        ; --         ; clk      ; 0            ;
; Clock Setup: 'clk'           ; N/A                                      ; None          ; 35.07 MHz ( period = 28.512 ns ) ; stepz[2]         ; stepg[3]    ; clk        ; clk      ; 0            ;
; Clock Hold: 'clk'            ; Not operational: Clock Skew > Data Delay ; None          ; N/A                              ; worked           ; aashan[0]   ; clk        ; clk      ; 25           ;
; Total number of failed paths ;                                          ;               ;                                  ;                  ;             ;            ;          ; 25           ;
+------------------------------+------------------------------------------+---------------+----------------------------------+------------------+-------------+------------+----------+--------------+


+-----------------------------------------------------------------------------------------------------------------------------------------------------+
; Timing Analyzer Settings                                                                                                                            ;
+------------------------------------------------------------------------------------------------------+--------------------+------+----+-------------+
; Option                                                                                               ; Setting            ; From ; To ; Entity Name ;
+------------------------------------------------------------------------------------------------------+--------------------+------+----+-------------+
; Device Name                                                                                          ; EPM1270T144C5      ;      ;    ;             ;
; Timing Models                                                                                        ; Final              ;      ;    ;             ;
; Default hold multicycle                                                                              ; Same as Multicycle ;      ;    ;             ;
; Cut paths between unrelated clock domains                                                            ; On                 ;      ;    ;             ;
; Cut off read during write signal paths                                                               ; On                 ;      ;    ;             ;
; Cut off feedback from I/O pins                                                                       ; On                 ;      ;    ;             ;
; Report Combined Fast/Slow Timing                                                                     ; Off                ;      ;    ;             ;
; Ignore Clock Settings                                                                                ; Off                ;      ;    ;             ;
; Analyze latches as synchronous elements                                                              ; On                 ;      ;    ;             ;
; Enable Recovery/Removal analysis                                                                     ; Off                ;      ;    ;             ;
; Enable Clock Latency                                                                                 ; Off                ;      ;    ;             ;
; Use TimeQuest Timing Analyzer                                                                        ; Off                ;      ;    ;             ;
; Minimum Core Junction Temperature                                                                    ; 0                  ;      ;    ;             ;
; Maximum Core Junction Temperature                                                                    ; 85                 ;      ;    ;             ;
; Number of source nodes to report per destination node                                                ; 10                 ;      ;    ;             ;
; Number of destination nodes to report                                                                ; 10                 ;      ;    ;             ;
; Number of paths to report                                                                            ; 200                ;      ;    ;             ;
; Report Minimum Timing Checks                                                                         ; Off                ;      ;    ;             ;
; Use Fast Timing Models                                                                               ; Off                ;      ;    ;             ;
; Report IO Paths Separately                                                                           ; Off                ;      ;    ;             ;
; Perform Multicorner Analysis                                                                         ; Off                ;      ;    ;             ;
; Reports the worst-case path for each clock domain and analysis                                       ; Off                ;      ;    ;             ;
; Reports worst-case timing paths for each clock domain and analysis                                   ; On                 ;      ;    ;             ;
; Specifies the maximum number of worst-case timing paths to report for each clock domain and analysis ; 100                ;      ;    ;             ;
; Removes common clock path pessimism (CCPP) during slack computation                                  ; Off                ;      ;    ;             ;
; Output I/O Timing Endpoint                                                                           ; Near End           ;      ;    ;             ;
+------------------------------------------------------------------------------------------------------+--------------------+------+----+-------------+


+------------------------------------------------------------------------------------------------------------------------------------------------------------------------------------+
; Clock Settings Summary                                                                                                                                                             ;
+-----------------+--------------------+----------+------------------+---------------+--------------+----------+-----------------------+---------------------+--------+--------------+
; Clock Node Name ; Clock Setting Name ; Type     ; Fmax Requirement ; Early Latency ; Late Latency ; Based on ; Multiply Base Fmax by ; Divide Base Fmax by ; Offset ; Phase offset ;
+-----------------+--------------------+----------+------------------+---------------+--------------+----------+-----------------------+---------------------+--------+--------------+
; clk             ;                    ; User Pin ; None             ; 0.000 ns      ; 0.000 ns     ; --       ; N/A                   ; N/A                 ; N/A    ;              ;
+-----------------+--------------------+----------+------------------+---------------+--------------+----------+-----------------------+---------------------+--------+--------------+


+------------------------------------------+
; Parallel Compilation                     ;
+----------------------------+-------------+
; Processors                 ; Number      ;
+----------------------------+-------------+
; Number detected on machine ; 2           ;
; Maximum allowed            ; 2           ;
;                            ;             ;
; Average used               ; 1.00        ;
; Maximum used               ; 1           ;
;                            ;             ;
; Usage by Processor         ; % Time Used ;
;     1 processor            ; 100.0%      ;
;     2 processors           ;   0.0%      ;
+----------------------------+-------------+


+------------------------------------------------------------------------------------------------------------------------------------------------------------------------------------------------------------------------------------------+
; Clock Setup: 'clk'                                                                                                                                                                                                                       ;
+-----------------------------------------+-----------------------------------------------------+------------+-----------------+------------+----------+-----------------------------+---------------------------+-------------------------+
; Slack                                   ; Actual fmax (period)                                ; From       ; To              ; From Clock ; To Clock ; Required Setup Relationship ; Required Longest P2P Time ; Actual Longest P2P Time ;
+-----------------------------------------+-----------------------------------------------------+------------+-----------------+------------+----------+-----------------------------+---------------------------+-------------------------+
; N/A                                     ; 35.07 MHz ( period = 28.512 ns )                    ; stepz[2]   ; stepg[3]        ; clk        ; clk      ; None                        ; None                      ; 27.803 ns               ;
; N/A                                     ; 35.31 MHz ( period = 28.320 ns )                    ; stepz[2]   ; stepg[2]        ; clk        ; clk      ; None                        ; None                      ; 27.611 ns               ;
; N/A                                     ; 35.58 MHz ( period = 28.109 ns )                    ; stepz[0]   ; stepg[3]        ; clk        ; clk      ; None                        ; None                      ; 27.400 ns               ;
; N/A                                     ; 35.75 MHz ( period = 27.974 ns )                    ; stepz[1]   ; stepg[3]        ; clk        ; clk      ; None                        ; None                      ; 27.265 ns               ;
; N/A                                     ; 35.82 MHz ( period = 27.917 ns )                    ; stepz[0]   ; stepg[2]        ; clk        ; clk      ; None                        ; None                      ; 27.208 ns               ;
; N/A                                     ; 35.84 MHz ( period = 27.903 ns )                    ; stepz[3]   ; stepg[3]        ; clk        ; clk      ; None                        ; None                      ; 27.194 ns               ;
; N/A                                     ; 35.99 MHz ( period = 27.782 ns )                    ; stepz[1]   ; stepg[2]        ; clk        ; clk      ; None                        ; None                      ; 27.073 ns               ;
; N/A                                     ; 36.01 MHz ( period = 27.769 ns )                    ; stepz[4]   ; stepg[3]        ; clk        ; clk      ; None                        ; None                      ; 27.060 ns               ;
; N/A                                     ; 36.09 MHz ( period = 27.711 ns )                    ; stepz[3]   ; stepg[2]        ; clk        ; clk      ; None                        ; None                      ; 27.002 ns               ;
; N/A                                     ; 36.26 MHz ( period = 27.577 ns )                    ; stepz[4]   ; stepg[2]        ; clk        ; clk      ; None                        ; None                      ; 26.868 ns               ;
; N/A                                     ; 36.54 MHz ( period = 27.364 ns )                    ; stepz[2]   ; stepg[1]        ; clk        ; clk      ; None                        ; None                      ; 26.655 ns               ;
; N/A                                     ; 37.09 MHz ( period = 26.961 ns )                    ; stepz[0]   ; stepg[1]        ; clk        ; clk      ; None                        ; None                      ; 26.252 ns               ;
; N/A                                     ; 37.28 MHz ( period = 26.826 ns )                    ; stepz[1]   ; stepg[1]        ; clk        ; clk      ; None                        ; None                      ; 26.117 ns               ;
; N/A                                     ; 37.38 MHz ( period = 26.755 ns )                    ; stepz[3]   ; stepg[1]        ; clk        ; clk      ; None                        ; None                      ; 26.046 ns               ;
; N/A                                     ; 37.56 MHz ( period = 26.621 ns )                    ; stepz[4]   ; stepg[1]        ; clk        ; clk      ; None                        ; None                      ; 25.912 ns               ;
; N/A                                     ; 37.70 MHz ( period = 26.527 ns )                    ; stepz[5]   ; stepg[3]        ; clk        ; clk      ; None                        ; None                      ; 25.818 ns               ;
; N/A                                     ; 37.97 MHz ( period = 26.335 ns )                    ; stepz[5]   ; stepg[2]        ; clk        ; clk      ; None                        ; None                      ; 25.626 ns               ;
; N/A                                     ; 38.75 MHz ( period = 25.804 ns )                    ; stepz[2]   ; steps[0]        ; clk        ; clk      ; None                        ; None                      ; 25.095 ns               ;
; N/A                                     ; 39.02 MHz ( period = 25.627 ns )                    ; tm[1]      ; tg[3]           ; clk        ; clk      ; None                        ; None                      ; 24.918 ns               ;
; N/A                                     ; 39.15 MHz ( period = 25.546 ns )                    ; tm[0]      ; tg[3]           ; clk        ; clk      ; None                        ; None                      ; 24.837 ns               ;
; N/A                                     ; 39.21 MHz ( period = 25.504 ns )                    ; tm[1]      ; tg[2]           ; clk        ; clk      ; None                        ; None                      ; 24.795 ns               ;
; N/A                                     ; 39.33 MHz ( period = 25.423 ns )                    ; tm[0]      ; tg[2]           ; clk        ; clk      ; None                        ; None                      ; 24.714 ns               ;
; N/A                                     ; 39.37 MHz ( period = 25.401 ns )                    ; stepz[0]   ; steps[0]        ; clk        ; clk      ; None                        ; None                      ; 24.692 ns               ;
; N/A                                     ; 39.40 MHz ( period = 25.379 ns )                    ; stepz[5]   ; stepg[1]        ; clk        ; clk      ; None                        ; None                      ; 24.670 ns               ;
; N/A                                     ; 39.41 MHz ( period = 25.376 ns )                    ; tm[3]      ; tg[3]           ; clk        ; clk      ; None                        ; None                      ; 24.667 ns               ;
; N/A                                     ; 39.50 MHz ( period = 25.315 ns )                    ; tm[2]      ; tg[3]           ; clk        ; clk      ; None                        ; None                      ; 24.606 ns               ;
; N/A                                     ; 39.58 MHz ( period = 25.266 ns )                    ; stepz[1]   ; steps[0]        ; clk        ; clk      ; None                        ; None                      ; 24.557 ns               ;
; N/A                                     ; 39.60 MHz ( period = 25.253 ns )                    ; tm[3]      ; tg[2]           ; clk        ; clk      ; None                        ; None                      ; 24.544 ns               ;
; N/A                                     ; 39.66 MHz ( period = 25.215 ns )                    ; tm[4]      ; tg[3]           ; clk        ; clk      ; None                        ; None                      ; 24.506 ns               ;
; N/A                                     ; 39.69 MHz ( period = 25.195 ns )                    ; stepz[3]   ; steps[0]        ; clk        ; clk      ; None                        ; None                      ; 24.486 ns               ;
; N/A                                     ; 39.70 MHz ( period = 25.192 ns )                    ; tm[2]      ; tg[2]           ; clk        ; clk      ; None                        ; None                      ; 24.483 ns               ;
; N/A                                     ; 39.85 MHz ( period = 25.092 ns )                    ; tm[4]      ; tg[2]           ; clk        ; clk      ; None                        ; None                      ; 24.383 ns               ;
; N/A                                     ; 39.90 MHz ( period = 25.061 ns )                    ; stepz[4]   ; steps[0]        ; clk        ; clk      ; None                        ; None                      ; 24.352 ns               ;
; N/A                                     ; 40.39 MHz ( period = 24.760 ns )                    ; stepz[6]   ; stepg[3]        ; clk        ; clk      ; None                        ; None                      ; 24.051 ns               ;
; N/A                                     ; 40.70 MHz ( period = 24.568 ns )                    ; stepz[6]   ; stepg[2]        ; clk        ; clk      ; None                        ; None                      ; 23.859 ns               ;
; N/A                                     ; 40.71 MHz ( period = 24.563 ns )                    ; tm[5]      ; tg[3]           ; clk        ; clk      ; None                        ; None                      ; 23.854 ns               ;
; N/A                                     ; 40.74 MHz ( period = 24.548 ns )                    ; tm[1]      ; tg[1]           ; clk        ; clk      ; None                        ; None                      ; 23.839 ns               ;
; N/A                                     ; 40.87 MHz ( period = 24.467 ns )                    ; tm[0]      ; tg[1]           ; clk        ; clk      ; None                        ; None                      ; 23.758 ns               ;
; N/A                                     ; 40.92 MHz ( period = 24.440 ns )                    ; tm[5]      ; tg[2]           ; clk        ; clk      ; None                        ; None                      ; 23.731 ns               ;
; N/A                                     ; 40.96 MHz ( period = 24.414 ns )                    ; tm[7]      ; tg[3]           ; clk        ; clk      ; None                        ; None                      ; 23.705 ns               ;
; N/A                                     ; 41.16 MHz ( period = 24.297 ns )                    ; tm[3]      ; tg[1]           ; clk        ; clk      ; None                        ; None                      ; 23.588 ns               ;
; N/A                                     ; 41.17 MHz ( period = 24.291 ns )                    ; tm[7]      ; tg[2]           ; clk        ; clk      ; None                        ; None                      ; 23.582 ns               ;
; N/A                                     ; 41.26 MHz ( period = 24.236 ns )                    ; tm[2]      ; tg[1]           ; clk        ; clk      ; None                        ; None                      ; 23.527 ns               ;
; N/A                                     ; 41.36 MHz ( period = 24.178 ns )                    ; tm[8]      ; tg[3]           ; clk        ; clk      ; None                        ; None                      ; 23.469 ns               ;
; N/A                                     ; 41.43 MHz ( period = 24.136 ns )                    ; tm[4]      ; tg[1]           ; clk        ; clk      ; None                        ; None                      ; 23.427 ns               ;
; N/A                                     ; 41.57 MHz ( period = 24.055 ns )                    ; tm[8]      ; tg[2]           ; clk        ; clk      ; None                        ; None                      ; 23.346 ns               ;
; N/A                                     ; 41.70 MHz ( period = 23.981 ns )                    ; tm[6]      ; tg[3]           ; clk        ; clk      ; None                        ; None                      ; 23.272 ns               ;
; N/A                                     ; 41.91 MHz ( period = 23.858 ns )                    ; tm[6]      ; tg[2]           ; clk        ; clk      ; None                        ; None                      ; 23.149 ns               ;
; N/A                                     ; 41.98 MHz ( period = 23.819 ns )                    ; stepz[5]   ; steps[0]        ; clk        ; clk      ; None                        ; None                      ; 23.110 ns               ;
; N/A                                     ; 42.35 MHz ( period = 23.612 ns )                    ; stepz[6]   ; stepg[1]        ; clk        ; clk      ; None                        ; None                      ; 22.903 ns               ;
; N/A                                     ; 42.58 MHz ( period = 23.484 ns )                    ; tm[5]      ; tg[1]           ; clk        ; clk      ; None                        ; None                      ; 22.775 ns               ;
; N/A                                     ; 42.85 MHz ( period = 23.335 ns )                    ; tm[7]      ; tg[1]           ; clk        ; clk      ; None                        ; None                      ; 22.626 ns               ;
; N/A                                     ; 43.29 MHz ( period = 23.099 ns )                    ; tm[8]      ; tg[1]           ; clk        ; clk      ; None                        ; None                      ; 22.390 ns               ;
; N/A                                     ; 43.39 MHz ( period = 23.046 ns )                    ; tm[1]      ; ts[0]           ; clk        ; clk      ; None                        ; None                      ; 22.337 ns               ;
; N/A                                     ; 43.54 MHz ( period = 22.965 ns )                    ; tm[0]      ; ts[0]           ; clk        ; clk      ; None                        ; None                      ; 22.256 ns               ;
; N/A                                     ; 43.66 MHz ( period = 22.902 ns )                    ; tm[6]      ; tg[1]           ; clk        ; clk      ; None                        ; None                      ; 22.193 ns               ;
; N/A                                     ; 43.87 MHz ( period = 22.795 ns )                    ; tm[3]      ; ts[0]           ; clk        ; clk      ; None                        ; None                      ; 22.086 ns               ;
; N/A                                     ; 43.99 MHz ( period = 22.734 ns )                    ; tm[2]      ; ts[0]           ; clk        ; clk      ; None                        ; None                      ; 22.025 ns               ;
; N/A                                     ; 44.18 MHz ( period = 22.634 ns )                    ; tm[4]      ; ts[0]           ; clk        ; clk      ; None                        ; None                      ; 21.925 ns               ;
; N/A                                     ; 44.90 MHz ( period = 22.270 ns )                    ; tm[9]      ; tg[3]           ; clk        ; clk      ; None                        ; None                      ; 21.561 ns               ;
; N/A                                     ; 45.15 MHz ( period = 22.147 ns )                    ; tm[9]      ; tg[2]           ; clk        ; clk      ; None                        ; None                      ; 21.438 ns               ;
; N/A                                     ; 45.35 MHz ( period = 22.052 ns )                    ; stepz[6]   ; steps[0]        ; clk        ; clk      ; None                        ; None                      ; 21.343 ns               ;
; N/A                                     ; 45.49 MHz ( period = 21.982 ns )                    ; tm[5]      ; ts[0]           ; clk        ; clk      ; None                        ; None                      ; 21.273 ns               ;
; N/A                                     ; 45.80 MHz ( period = 21.833 ns )                    ; tm[7]      ; ts[0]           ; clk        ; clk      ; None                        ; None                      ; 21.124 ns               ;
; N/A                                     ; 46.30 MHz ( period = 21.597 ns )                    ; tm[8]      ; ts[0]           ; clk        ; clk      ; None                        ; None                      ; 20.888 ns               ;
; N/A                                     ; 46.73 MHz ( period = 21.400 ns )                    ; tm[6]      ; ts[0]           ; clk        ; clk      ; None                        ; None                      ; 20.691 ns               ;
; N/A                                     ; 47.19 MHz ( period = 21.191 ns )                    ; tm[9]      ; tg[1]           ; clk        ; clk      ; None                        ; None                      ; 20.482 ns               ;
; N/A                                     ; 48.76 MHz ( period = 20.510 ns )                    ; tz[0]      ; tg[3]           ; clk        ; clk      ; None                        ; None                      ; 19.801 ns               ;
; N/A                                     ; 48.94 MHz ( period = 20.433 ns )                    ; tz[1]      ; tg[3]           ; clk        ; clk      ; None                        ; None                      ; 19.724 ns               ;
; N/A                                     ; 49.05 MHz ( period = 20.387 ns )                    ; tz[0]      ; tg[2]           ; clk        ; clk      ; None                        ; None                      ; 19.678 ns               ;
; N/A                                     ; 49.18 MHz ( period = 20.333 ns )                    ; tz[2]      ; tg[3]           ; clk        ; clk      ; None                        ; None                      ; 19.624 ns               ;
; N/A                                     ; 49.24 MHz ( period = 20.310 ns )                    ; tz[1]      ; tg[2]           ; clk        ; clk      ; None                        ; None                      ; 19.601 ns               ;
; N/A                                     ; 49.48 MHz ( period = 20.210 ns )                    ; tz[2]      ; tg[2]           ; clk        ; clk      ; None                        ; None                      ; 19.501 ns               ;
; N/A                                     ; 50.31 MHz ( period = 19.877 ns )                    ; tz[4]      ; tg[3]           ; clk        ; clk      ; None                        ; None                      ; 19.168 ns               ;
; N/A                                     ; 50.40 MHz ( period = 19.841 ns )                    ; aashan[2]  ; dzshow[7]~reg0  ; clk        ; clk      ; None                        ; None                      ; 12.822 ns               ;
; N/A                                     ; 50.62 MHz ( period = 19.754 ns )                    ; tz[4]      ; tg[2]           ; clk        ; clk      ; None                        ; None                      ; 19.045 ns               ;
; N/A                                     ; 50.79 MHz ( period = 19.689 ns )                    ; tm[9]      ; ts[0]           ; clk        ; clk      ; None                        ; None                      ; 18.980 ns               ;
; N/A                                     ; 50.98 MHz ( period = 19.614 ns )                    ; aashan[2]  ; dzshow[20]~reg0 ; clk        ; clk      ; None                        ; None                      ; 12.595 ns               ;
; N/A                                     ; 50.98 MHz ( period = 19.614 ns )                    ; aashan[2]  ; dzshow[21]~reg0 ; clk        ; clk      ; None                        ; None                      ; 12.595 ns               ;
; N/A                                     ; 51.23 MHz ( period = 19.519 ns )                    ; tz[3]      ; tg[3]           ; clk        ; clk      ; None                        ; None                      ; 18.810 ns               ;
; N/A                                     ; 51.46 MHz ( period = 19.431 ns )                    ; tz[0]      ; tg[1]           ; clk        ; clk      ; None                        ; None                      ; 18.722 ns               ;
; N/A                                     ; 51.56 MHz ( period = 19.396 ns )                    ; tz[3]      ; tg[2]           ; clk        ; clk      ; None                        ; None                      ; 18.687 ns               ;
; N/A                                     ; 51.61 MHz ( period = 19.375 ns )                    ; stepz[2]   ; steps[1]        ; clk        ; clk      ; None                        ; None                      ; 18.666 ns               ;
; N/A                                     ; 51.62 MHz ( period = 19.373 ns )                    ; aa1shan[1] ; dzshow[22]~reg0 ; clk        ; clk      ; None                        ; None                      ; 12.354 ns               ;
; N/A                                     ; 51.67 MHz ( period = 19.354 ns )                    ; tz[1]      ; tg[1]           ; clk        ; clk      ; None                        ; None                      ; 18.645 ns               ;
; N/A                                     ; 51.94 MHz ( period = 19.254 ns )                    ; tz[2]      ; tg[1]           ; clk        ; clk      ; None                        ; None                      ; 18.545 ns               ;
; N/A                                     ; 52.49 MHz ( period = 19.050 ns )                    ; aashan[2]  ; dzshow[17]~reg0 ; clk        ; clk      ; None                        ; None                      ; 12.031 ns               ;
; N/A                                     ; 52.49 MHz ( period = 19.050 ns )                    ; aashan[2]  ; dzshow[18]~reg0 ; clk        ; clk      ; None                        ; None                      ; 12.031 ns               ;
; N/A                                     ; 52.49 MHz ( period = 19.050 ns )                    ; aashan[2]  ; dzshow[19]~reg0 ; clk        ; clk      ; None                        ; None                      ; 12.031 ns               ;
; N/A                                     ; 52.52 MHz ( period = 19.039 ns )                    ; aashan[1]  ; dzshow[7]~reg0  ; clk        ; clk      ; None                        ; None                      ; 12.020 ns               ;
; N/A                                     ; 52.71 MHz ( period = 18.972 ns )                    ; stepz[0]   ; steps[1]        ; clk        ; clk      ; None                        ; None                      ; 18.263 ns               ;
; N/A                                     ; 53.09 MHz ( period = 18.837 ns )                    ; stepz[1]   ; steps[1]        ; clk        ; clk      ; None                        ; None                      ; 18.128 ns               ;
; N/A                                     ; 53.16 MHz ( period = 18.812 ns )                    ; aashan[1]  ; dzshow[20]~reg0 ; clk        ; clk      ; None                        ; None                      ; 11.793 ns               ;
; N/A                                     ; 53.16 MHz ( period = 18.812 ns )                    ; aashan[1]  ; dzshow[21]~reg0 ; clk        ; clk      ; None                        ; None                      ; 11.793 ns               ;
; N/A                                     ; 53.20 MHz ( period = 18.798 ns )                    ; tz[4]      ; tg[1]           ; clk        ; clk      ; None                        ; None                      ; 18.089 ns               ;
; N/A                                     ; 53.21 MHz ( period = 18.795 ns )                    ; aashan[2]  ; dzshow[0]~reg0  ; clk        ; clk      ; None                        ; None                      ; 11.776 ns               ;
; N/A                                     ; 53.21 MHz ( period = 18.795 ns )                    ; aashan[2]  ; dzshow[1]~reg0  ; clk        ; clk      ; None                        ; None                      ; 11.776 ns               ;
; N/A                                     ; 53.21 MHz ( period = 18.795 ns )                    ; aashan[2]  ; dzshow[2]~reg0  ; clk        ; clk      ; None                        ; None                      ; 11.776 ns               ;
; N/A                                     ; 53.21 MHz ( period = 18.795 ns )                    ; aashan[2]  ; dzshow[3]~reg0  ; clk        ; clk      ; None                        ; None                      ; 11.776 ns               ;
; N/A                                     ; 53.21 MHz ( period = 18.795 ns )                    ; aashan[2]  ; dzshow[4]~reg0  ; clk        ; clk      ; None                        ; None                      ; 11.776 ns               ;
; N/A                                     ; 53.21 MHz ( period = 18.795 ns )                    ; aashan[2]  ; dzshow[5]~reg0  ; clk        ; clk      ; None                        ; None                      ; 11.776 ns               ;
; N/A                                     ; 53.21 MHz ( period = 18.795 ns )                    ; aashan[2]  ; dzshow[6]~reg0  ; clk        ; clk      ; None                        ; None                      ; 11.776 ns               ;
; N/A                                     ; 53.29 MHz ( period = 18.766 ns )                    ; stepz[3]   ; steps[1]        ; clk        ; clk      ; None                        ; None                      ; 18.057 ns               ;
; N/A                                     ; 53.67 MHz ( period = 18.632 ns )                    ; stepz[4]   ; steps[1]        ; clk        ; clk      ; None                        ; None                      ; 17.923 ns               ;
; N/A                                     ; 53.67 MHz ( period = 18.631 ns )                    ; aa1shan[0] ; dzshow[22]~reg0 ; clk        ; clk      ; None                        ; None                      ; 11.612 ns               ;
; N/A                                     ; 54.23 MHz ( period = 18.440 ns )                    ; tz[3]      ; tg[1]           ; clk        ; clk      ; None                        ; None                      ; 17.731 ns               ;
; N/A                                     ; 54.29 MHz ( period = 18.420 ns )                    ; aashan[0]  ; dzshow[7]~reg0  ; clk        ; clk      ; None                        ; None                      ; 11.401 ns               ;
; N/A                                     ; 54.80 MHz ( period = 18.248 ns )                    ; aashan[1]  ; dzshow[17]~reg0 ; clk        ; clk      ; None                        ; None                      ; 11.229 ns               ;
; N/A                                     ; 54.80 MHz ( period = 18.248 ns )                    ; aashan[1]  ; dzshow[18]~reg0 ; clk        ; clk      ; None                        ; None                      ; 11.229 ns               ;
; N/A                                     ; 54.80 MHz ( period = 18.248 ns )                    ; aashan[1]  ; dzshow[19]~reg0 ; clk        ; clk      ; None                        ; None                      ; 11.229 ns               ;
; N/A                                     ; 54.97 MHz ( period = 18.193 ns )                    ; aashan[0]  ; dzshow[20]~reg0 ; clk        ; clk      ; None                        ; None                      ; 11.174 ns               ;
; N/A                                     ; 54.97 MHz ( period = 18.193 ns )                    ; aashan[0]  ; dzshow[21]~reg0 ; clk        ; clk      ; None                        ; None                      ; 11.174 ns               ;
; N/A                                     ; 55.08 MHz ( period = 18.157 ns )                    ; aa1shan[1] ; dzshow[10]~reg0 ; clk        ; clk      ; None                        ; None                      ; 11.138 ns               ;
; N/A                                     ; 55.11 MHz ( period = 18.147 ns )                    ; tz[5]      ; tg[3]           ; clk        ; clk      ; None                        ; None                      ; 17.438 ns               ;
; N/A                                     ; 55.48 MHz ( period = 18.024 ns )                    ; tz[5]      ; tg[2]           ; clk        ; clk      ; None                        ; None                      ; 17.315 ns               ;
; N/A                                     ; 55.58 MHz ( period = 17.993 ns )                    ; aashan[1]  ; dzshow[0]~reg0  ; clk        ; clk      ; None                        ; None                      ; 10.974 ns               ;
; N/A                                     ; 55.58 MHz ( period = 17.993 ns )                    ; aashan[1]  ; dzshow[1]~reg0  ; clk        ; clk      ; None                        ; None                      ; 10.974 ns               ;
; N/A                                     ; 55.58 MHz ( period = 17.993 ns )                    ; aashan[1]  ; dzshow[2]~reg0  ; clk        ; clk      ; None                        ; None                      ; 10.974 ns               ;
; N/A                                     ; 55.58 MHz ( period = 17.993 ns )                    ; aashan[1]  ; dzshow[3]~reg0  ; clk        ; clk      ; None                        ; None                      ; 10.974 ns               ;
; N/A                                     ; 55.58 MHz ( period = 17.993 ns )                    ; aashan[1]  ; dzshow[4]~reg0  ; clk        ; clk      ; None                        ; None                      ; 10.974 ns               ;
; N/A                                     ; 55.58 MHz ( period = 17.993 ns )                    ; aashan[1]  ; dzshow[5]~reg0  ; clk        ; clk      ; None                        ; None                      ; 10.974 ns               ;
; N/A                                     ; 55.58 MHz ( period = 17.993 ns )                    ; aashan[1]  ; dzshow[6]~reg0  ; clk        ; clk      ; None                        ; None                      ; 10.974 ns               ;
; N/A                                     ; 55.78 MHz ( period = 17.929 ns )                    ; tz[0]      ; ts[0]           ; clk        ; clk      ; None                        ; None                      ; 17.220 ns               ;
; N/A                                     ; 55.83 MHz ( period = 17.913 ns )                    ; aa1shan[1] ; dzshow[16]~reg0 ; clk        ; clk      ; None                        ; None                      ; 10.894 ns               ;
; N/A                                     ; 56.02 MHz ( period = 17.852 ns )                    ; tz[1]      ; ts[0]           ; clk        ; clk      ; None                        ; None                      ; 17.143 ns               ;
; N/A                                     ; 56.33 MHz ( period = 17.752 ns )                    ; tz[2]      ; ts[0]           ; clk        ; clk      ; None                        ; None                      ; 17.043 ns               ;
; N/A                                     ; 56.72 MHz ( period = 17.629 ns )                    ; aashan[0]  ; dzshow[17]~reg0 ; clk        ; clk      ; None                        ; None                      ; 10.610 ns               ;
; N/A                                     ; 56.72 MHz ( period = 17.629 ns )                    ; aashan[0]  ; dzshow[18]~reg0 ; clk        ; clk      ; None                        ; None                      ; 10.610 ns               ;
; N/A                                     ; 56.72 MHz ( period = 17.629 ns )                    ; aashan[0]  ; dzshow[19]~reg0 ; clk        ; clk      ; None                        ; None                      ; 10.610 ns               ;
; N/A                                     ; 57.31 MHz ( period = 17.449 ns )                    ; tm[1]      ; ts[1]           ; clk        ; clk      ; None                        ; None                      ; 16.740 ns               ;
; N/A                                     ; 57.42 MHz ( period = 17.415 ns )                    ; aa1shan[0] ; dzshow[10]~reg0 ; clk        ; clk      ; None                        ; None                      ; 10.396 ns               ;
; N/A                                     ; 57.48 MHz ( period = 17.396 ns )                    ; aa1shan[1] ; dzshow[12]~reg0 ; clk        ; clk      ; None                        ; None                      ; 10.377 ns               ;
; N/A                                     ; 57.50 MHz ( period = 17.390 ns )                    ; stepz[5]   ; steps[1]        ; clk        ; clk      ; None                        ; None                      ; 16.681 ns               ;
; N/A                                     ; 57.56 MHz ( period = 17.374 ns )                    ; aashan[0]  ; dzshow[0]~reg0  ; clk        ; clk      ; None                        ; None                      ; 10.355 ns               ;
; N/A                                     ; 57.56 MHz ( period = 17.374 ns )                    ; aashan[0]  ; dzshow[1]~reg0  ; clk        ; clk      ; None                        ; None                      ; 10.355 ns               ;
; N/A                                     ; 57.56 MHz ( period = 17.374 ns )                    ; aashan[0]  ; dzshow[2]~reg0  ; clk        ; clk      ; None                        ; None                      ; 10.355 ns               ;
; N/A                                     ; 57.56 MHz ( period = 17.374 ns )                    ; aashan[0]  ; dzshow[3]~reg0  ; clk        ; clk      ; None                        ; None                      ; 10.355 ns               ;
; N/A                                     ; 57.56 MHz ( period = 17.374 ns )                    ; aashan[0]  ; dzshow[4]~reg0  ; clk        ; clk      ; None                        ; None                      ; 10.355 ns               ;
; N/A                                     ; 57.56 MHz ( period = 17.374 ns )                    ; aashan[0]  ; dzshow[5]~reg0  ; clk        ; clk      ; None                        ; None                      ; 10.355 ns               ;
; N/A                                     ; 57.56 MHz ( period = 17.374 ns )                    ; aashan[0]  ; dzshow[6]~reg0  ; clk        ; clk      ; None                        ; None                      ; 10.355 ns               ;
; N/A                                     ; 57.58 MHz ( period = 17.368 ns )                    ; tm[0]      ; ts[1]           ; clk        ; clk      ; None                        ; None                      ; 16.659 ns               ;
; N/A                                     ; 57.62 MHz ( period = 17.354 ns )                    ; a1shan[1]  ; dzshow[12]~reg0 ; clk        ; clk      ; None                        ; None                      ; 12.328 ns               ;
; N/A                                     ; 57.82 MHz ( period = 17.296 ns )                    ; tz[4]      ; ts[0]           ; clk        ; clk      ; None                        ; None                      ; 16.587 ns               ;
; N/A                                     ; 58.15 MHz ( period = 17.198 ns )                    ; tm[3]      ; ts[1]           ; clk        ; clk      ; None                        ; None                      ; 16.489 ns               ;
; N/A                                     ; 58.24 MHz ( period = 17.171 ns )                    ; aa1shan[0] ; dzshow[16]~reg0 ; clk        ; clk      ; None                        ; None                      ; 10.152 ns               ;
; N/A                                     ; 58.32 MHz ( period = 17.148 ns )                    ; aa1shan[1] ; dzshow[13]~reg0 ; clk        ; clk      ; None                        ; None                      ; 10.129 ns               ;
; N/A                                     ; 58.35 MHz ( period = 17.137 ns )                    ; tm[2]      ; ts[1]           ; clk        ; clk      ; None                        ; None                      ; 16.428 ns               ;
; N/A                                     ; 58.40 MHz ( period = 17.122 ns )                    ; a1shan[2]  ; dzshow[12]~reg0 ; clk        ; clk      ; None                        ; None                      ; 12.096 ns               ;
; N/A                                     ; 58.59 MHz ( period = 17.068 ns )                    ; tz[5]      ; tg[1]           ; clk        ; clk      ; None                        ; None                      ; 16.359 ns               ;
; N/A                                     ; 58.70 MHz ( period = 17.037 ns )                    ; tm[4]      ; ts[1]           ; clk        ; clk      ; None                        ; None                      ; 16.328 ns               ;
; N/A                                     ; 59.04 MHz ( period = 16.938 ns )                    ; tz[3]      ; ts[0]           ; clk        ; clk      ; None                        ; None                      ; 16.229 ns               ;
; N/A                                     ; 59.14 MHz ( period = 16.910 ns )                    ; a1shan[0]  ; dzshow[12]~reg0 ; clk        ; clk      ; None                        ; None                      ; 11.884 ns               ;
; N/A                                     ; 59.62 MHz ( period = 16.773 ns )                    ; a1shan[1]  ; dzshow[16]~reg0 ; clk        ; clk      ; None                        ; None                      ; 11.747 ns               ;
; N/A                                     ; 59.66 MHz ( period = 16.761 ns )                    ; a1shan[3]  ; dzshow[12]~reg0 ; clk        ; clk      ; None                        ; None                      ; 11.735 ns               ;
; N/A                                     ; 59.71 MHz ( period = 16.747 ns )                    ; aa1shan[1] ; dzshow[23]~reg0 ; clk        ; clk      ; None                        ; None                      ; 9.728 ns                ;
; N/A                                     ; 60.46 MHz ( period = 16.541 ns )                    ; aashan[2]  ; dzshow[8]~reg0  ; clk        ; clk      ; None                        ; None                      ; 9.522 ns                ;
; N/A                                     ; 60.46 MHz ( period = 16.541 ns )                    ; a1shan[2]  ; dzshow[16]~reg0 ; clk        ; clk      ; None                        ; None                      ; 11.515 ns               ;
; N/A                                     ; 60.54 MHz ( period = 16.518 ns )                    ; aashan[2]  ; dzshow[15]~reg0 ; clk        ; clk      ; None                        ; None                      ; 9.499 ns                ;
; N/A                                     ; 60.94 MHz ( period = 16.409 ns )                    ; aa1shan[0] ; dzshow[12]~reg0 ; clk        ; clk      ; None                        ; None                      ; 9.390 ns                ;
; N/A                                     ; 60.95 MHz ( period = 16.406 ns )                    ; aa1shan[0] ; dzshow[13]~reg0 ; clk        ; clk      ; None                        ; None                      ; 9.387 ns                ;
; N/A                                     ; 61.03 MHz ( period = 16.385 ns )                    ; tm[5]      ; ts[1]           ; clk        ; clk      ; None                        ; None                      ; 15.676 ns               ;
; N/A                                     ; 61.16 MHz ( period = 16.350 ns )                    ; ashan[2]   ; dzshow[12]~reg0 ; clk        ; clk      ; None                        ; None                      ; 11.324 ns               ;
; N/A                                     ; 61.30 MHz ( period = 16.312 ns )                    ; aashan[2]  ; dzshow[9]~reg0  ; clk        ; clk      ; None                        ; None                      ; 9.293 ns                ;
; N/A                                     ; 61.30 MHz ( period = 16.312 ns )                    ; aashan[2]  ; dzshow[14]~reg0 ; clk        ; clk      ; None                        ; None                      ; 9.293 ns                ;
; N/A                                     ; 61.59 MHz ( period = 16.236 ns )                    ; tm[7]      ; ts[1]           ; clk        ; clk      ; None                        ; None                      ; 15.527 ns               ;
; N/A                                     ; 61.80 MHz ( period = 16.180 ns )                    ; a1shan[3]  ; dzshow[16]~reg0 ; clk        ; clk      ; None                        ; None                      ; 11.154 ns               ;
; N/A                                     ; 62.08 MHz ( period = 16.108 ns )                    ; a1shan[0]  ; dzshow[13]~reg0 ; clk        ; clk      ; None                        ; None                      ; 11.082 ns               ;
; N/A                                     ; 62.37 MHz ( period = 16.034 ns )                    ; aashan[1]  ; dzshow[14]~reg0 ; clk        ; clk      ; None                        ; None                      ; 9.015 ns                ;
; N/A                                     ; 62.48 MHz ( period = 16.005 ns )                    ; aa1shan[0] ; dzshow[23]~reg0 ; clk        ; clk      ; None                        ; None                      ; 8.986 ns                ;
; N/A                                     ; 62.50 MHz ( period = 16.000 ns )                    ; tm[8]      ; ts[1]           ; clk        ; clk      ; None                        ; None                      ; 15.291 ns               ;
; N/A                                     ; 62.55 MHz ( period = 15.986 ns )                    ; aashan[0]  ; dzshow[10]~reg0 ; clk        ; clk      ; None                        ; None                      ; 8.967 ns                ;
; N/A                                     ; 62.65 MHz ( period = 15.961 ns )                    ; aashan[1]  ; dzshow[12]~reg0 ; clk        ; clk      ; None                        ; None                      ; 8.942 ns                ;
; N/A                                     ; 62.70 MHz ( period = 15.949 ns )                    ; aashan[0]  ; dzshow[12]~reg0 ; clk        ; clk      ; None                        ; None                      ; 8.930 ns                ;
; N/A                                     ; 62.87 MHz ( period = 15.906 ns )                    ; a1shan[0]  ; dzshow[11]~reg0 ; clk        ; clk      ; None                        ; None                      ; 10.880 ns               ;
; N/A                                     ; 63.28 MHz ( period = 15.803 ns )                    ; tm[6]      ; ts[1]           ; clk        ; clk      ; None                        ; None                      ; 15.094 ns               ;
; N/A                                     ; 63.29 MHz ( period = 15.800 ns )                    ; a1shan[2]  ; dzshow[14]~reg0 ; clk        ; clk      ; None                        ; None                      ; 10.774 ns               ;
; N/A                                     ; 63.54 MHz ( period = 15.739 ns )                    ; vic        ; col[0]          ; clk        ; clk      ; None                        ; None                      ; 9.773 ns                ;
; N/A                                     ; 63.54 MHz ( period = 15.739 ns )                    ; vic        ; col[1]          ; clk        ; clk      ; None                        ; None                      ; 9.773 ns                ;
; N/A                                     ; 63.71 MHz ( period = 15.696 ns )                    ; ashan[1]   ; dzshow[12]~reg0 ; clk        ; clk      ; None                        ; None                      ; 10.670 ns               ;
; N/A                                     ; 63.93 MHz ( period = 15.642 ns )                    ; a1shan[3]  ; dzshow[14]~reg0 ; clk        ; clk      ; None                        ; None                      ; 10.616 ns               ;
; N/A                                     ; 63.97 MHz ( period = 15.632 ns )                    ; aashan[1]  ; dzshow[8]~reg0  ; clk        ; clk      ; None                        ; None                      ; 8.613 ns                ;
; N/A                                     ; 64.01 MHz ( period = 15.623 ns )                    ; stepz[6]   ; steps[1]        ; clk        ; clk      ; None                        ; None                      ; 14.914 ns               ;
; N/A                                     ; 64.02 MHz ( period = 15.619 ns )                    ; vic        ; row[0]          ; clk        ; clk      ; None                        ; None                      ; 9.653 ns                ;
; N/A                                     ; 64.02 MHz ( period = 15.619 ns )                    ; vic        ; row[1]          ; clk        ; clk      ; None                        ; None                      ; 9.653 ns                ;
; N/A                                     ; 64.02 MHz ( period = 15.619 ns )                    ; vic        ; row[2]          ; clk        ; clk      ; None                        ; None                      ; 9.653 ns                ;
; N/A                                     ; 64.02 MHz ( period = 15.619 ns )                    ; vic        ; row[3]          ; clk        ; clk      ; None                        ; None                      ; 9.653 ns                ;
; N/A                                     ; 64.02 MHz ( period = 15.619 ns )                    ; vic        ; row[4]          ; clk        ; clk      ; None                        ; None                      ; 9.653 ns                ;
; N/A                                     ; 64.02 MHz ( period = 15.619 ns )                    ; vic        ; row[5]          ; clk        ; clk      ; None                        ; None                      ; 9.653 ns                ;
; N/A                                     ; 64.02 MHz ( period = 15.619 ns )                    ; vic        ; row[6]          ; clk        ; clk      ; None                        ; None                      ; 9.653 ns                ;
; N/A                                     ; 64.02 MHz ( period = 15.619 ns )                    ; vic        ; row[7]          ; clk        ; clk      ; None                        ; None                      ; 9.653 ns                ;
; N/A                                     ; 64.08 MHz ( period = 15.606 ns )                    ; aashan[1]  ; dzshow[15]~reg0 ; clk        ; clk      ; None                        ; None                      ; 8.587 ns                ;
; N/A                                     ; 64.14 MHz ( period = 15.592 ns )                    ; a1shan[0]  ; dzshow[14]~reg0 ; clk        ; clk      ; None                        ; None                      ; 10.566 ns               ;
; N/A                                     ; 64.24 MHz ( period = 15.566 ns )                    ; tz[5]      ; ts[0]           ; clk        ; clk      ; None                        ; None                      ; 14.857 ns               ;
; N/A                                     ; 64.29 MHz ( period = 15.555 ns )                    ; vic        ; col[2]          ; clk        ; clk      ; None                        ; None                      ; 9.589 ns                ;
; N/A                                     ; 64.29 MHz ( period = 15.555 ns )                    ; vic        ; col[3]          ; clk        ; clk      ; None                        ; None                      ; 9.589 ns                ;
; N/A                                     ; 64.29 MHz ( period = 15.555 ns )                    ; vic        ; col[4]          ; clk        ; clk      ; None                        ; None                      ; 9.589 ns                ;
; N/A                                     ; 64.29 MHz ( period = 15.555 ns )                    ; vic        ; col[5]          ; clk        ; clk      ; None                        ; None                      ; 9.589 ns                ;
; N/A                                     ; 64.29 MHz ( period = 15.555 ns )                    ; vic        ; col[6]          ; clk        ; clk      ; None                        ; None                      ; 9.589 ns                ;
; N/A                                     ; 64.29 MHz ( period = 15.555 ns )                    ; vic        ; col[7]          ; clk        ; clk      ; None                        ; None                      ; 9.589 ns                ;
; N/A                                     ; 64.30 MHz ( period = 15.552 ns )                    ; a1shan[3]  ; dzshow[10]~reg0 ; clk        ; clk      ; None                        ; None                      ; 10.526 ns               ;
; Timing analysis restricted to 200 rows. ; To change the limit use Settings (Assignments menu) ;            ;                 ;            ;          ;                             ;                           ;                         ;
+-----------------------------------------+-----------------------------------------------------+------------+-----------------+------------+----------+-----------------------------+---------------------------+-------------------------+


+----------------------------------------------------------------------------------------------------------------------------------------------------------------------------+
; Clock Hold: 'clk'                                                                                                                                                          ;
+------------------------------------------+--------+-----------+------------+----------+----------------------------+----------------------------+--------------------------+
; Minimum Slack                            ; From   ; To        ; From Clock ; To Clock ; Required Hold Relationship ; Required Shortest P2P Time ; Actual Shortest P2P Time ;
+------------------------------------------+--------+-----------+------------+----------+----------------------------+----------------------------+--------------------------+
; Not operational: Clock Skew > Data Delay ; worked ; aashan[0] ; clk        ; clk      ; None                       ; None                       ; 2.101 ns                 ;
; Not operational: Clock Skew > Data Delay ; dzwork ; aashan[1] ; clk        ; clk      ; None                       ; None                       ; 2.733 ns                 ;
; Not operational: Clock Skew > Data Delay ; worked ; aashan[1] ; clk        ; clk      ; None                       ; None                       ; 2.868 ns                 ;
; Not operational: Clock Skew > Data Delay ; dzwork ; aashan[0] ; clk        ; clk      ; None                       ; None                       ; 3.222 ns                 ;
; Not operational: Clock Skew > Data Delay ; twork  ; fal       ; clk        ; clk      ; None                       ; None                       ; 2.762 ns                 ;
; Not operational: Clock Skew > Data Delay ; twork  ; vic       ; clk        ; clk      ; None                       ; None                       ; 2.766 ns                 ;
; Not operational: Clock Skew > Data Delay ; twork  ; tz[0]     ; clk        ; clk      ; None                       ; None                       ; 2.152 ns                 ;
; Not operational: Clock Skew > Data Delay ; twork  ; tz[5]     ; clk        ; clk      ; None                       ; None                       ; 2.152 ns                 ;
; Not operational: Clock Skew > Data Delay ; twork  ; tg[0]     ; clk        ; clk      ; None                       ; None                       ; 2.152 ns                 ;
; Not operational: Clock Skew > Data Delay ; dzwork ; aashan[2] ; clk        ; clk      ; None                       ; None                       ; 4.146 ns                 ;
; Not operational: Clock Skew > Data Delay ; twork  ; tz[3]     ; clk        ; clk      ; None                       ; None                       ; 2.515 ns                 ;
; Not operational: Clock Skew > Data Delay ; twork  ; tz[2]     ; clk        ; clk      ; None                       ; None                       ; 2.515 ns                 ;
; Not operational: Clock Skew > Data Delay ; twork  ; tz[1]     ; clk        ; clk      ; None                       ; None                       ; 2.515 ns                 ;
; Not operational: Clock Skew > Data Delay ; twork  ; tm[3]     ; clk        ; clk      ; None                       ; None                       ; 2.515 ns                 ;
; Not operational: Clock Skew > Data Delay ; twork  ; tm[2]     ; clk        ; clk      ; None                       ; None                       ; 2.515 ns                 ;
; Not operational: Clock Skew > Data Delay ; twork  ; tm[4]     ; clk        ; clk      ; None                       ; None                       ; 2.515 ns                 ;
; Not operational: Clock Skew > Data Delay ; twork  ; tm[5]     ; clk        ; clk      ; None                       ; None                       ; 2.515 ns                 ;
; Not operational: Clock Skew > Data Delay ; twork  ; tm[6]     ; clk        ; clk      ; None                       ; None                       ; 2.515 ns                 ;
; Not operational: Clock Skew > Data Delay ; twork  ; tm[1]     ; clk        ; clk      ; None                       ; None                       ; 2.515 ns                 ;
; Not operational: Clock Skew > Data Delay ; twork  ; tm[0]     ; clk        ; clk      ; None                       ; None                       ; 2.515 ns                 ;
; Not operational: Clock Skew > Data Delay ; worked ; aashan[2] ; clk        ; clk      ; None                       ; None                       ; 5.108 ns                 ;
; Not operational: Clock Skew > Data Delay ; twork  ; tm[9]     ; clk        ; clk      ; None                       ; None                       ; 3.301 ns                 ;
; Not operational: Clock Skew > Data Delay ; twork  ; ts[1]     ; clk        ; clk      ; None                       ; None                       ; 3.800 ns                 ;
; Not operational: Clock Skew > Data Delay ; twork  ; tm[7]     ; clk        ; clk      ; None                       ; None                       ; 3.888 ns                 ;
; Not operational: Clock Skew > Data Delay ; twork  ; tm[8]     ; clk        ; clk      ; None                       ; None                       ; 3.888 ns                 ;
+------------------------------------------+--------+-----------+------------+----------+----------------------------+----------------------------+--------------------------+


+-----------------------------------------------------------------+
; tsu                                                             ;
+-------+--------------+------------+-------+----------+----------+
; Slack ; Required tsu ; Actual tsu ; From  ; To       ; To Clock ;
+-------+--------------+------------+-------+----------+----------+
; N/A   ; None         ; 7.084 ns   ; r     ; steps[2] ; clk      ;
; N/A   ; None         ; 6.878 ns   ; u     ; steps[2] ; clk      ;
; N/A   ; None         ; 6.796 ns   ; l     ; steps[2] ; clk      ;
; N/A   ; None         ; 6.578 ns   ; r     ; stepz[1] ; clk      ;
; N/A   ; None         ; 6.578 ns   ; r     ; stepz[0] ; clk      ;
; N/A   ; None         ; 6.578 ns   ; r     ; stepz[3] ; clk      ;
; N/A   ; None         ; 6.571 ns   ; r     ; stepz[6] ; clk      ;
; N/A   ; None         ; 6.571 ns   ; r     ; stepz[5] ; clk      ;
; N/A   ; None         ; 6.571 ns   ; r     ; stepz[4] ; clk      ;
; N/A   ; None         ; 6.541 ns   ; r     ; stepz[2] ; clk      ;
; N/A   ; None         ; 6.537 ns   ; r     ; y[1]     ; clk      ;
; N/A   ; None         ; 6.537 ns   ; r     ; y[2]     ; clk      ;
; N/A   ; None         ; 6.372 ns   ; u     ; stepz[1] ; clk      ;
; N/A   ; None         ; 6.372 ns   ; u     ; stepz[0] ; clk      ;
; N/A   ; None         ; 6.372 ns   ; u     ; stepz[3] ; clk      ;
; N/A   ; None         ; 6.365 ns   ; u     ; stepz[6] ; clk      ;
; N/A   ; None         ; 6.365 ns   ; u     ; stepz[5] ; clk      ;
; N/A   ; None         ; 6.365 ns   ; u     ; stepz[4] ; clk      ;
; N/A   ; None         ; 6.335 ns   ; u     ; stepz[2] ; clk      ;
; N/A   ; None         ; 6.331 ns   ; u     ; y[1]     ; clk      ;
; N/A   ; None         ; 6.331 ns   ; u     ; y[2]     ; clk      ;
; N/A   ; None         ; 6.290 ns   ; l     ; stepz[1] ; clk      ;
; N/A   ; None         ; 6.290 ns   ; l     ; stepz[0] ; clk      ;
; N/A   ; None         ; 6.290 ns   ; l     ; stepz[3] ; clk      ;
; N/A   ; None         ; 6.283 ns   ; l     ; stepz[6] ; clk      ;
; N/A   ; None         ; 6.283 ns   ; l     ; stepz[5] ; clk      ;
; N/A   ; None         ; 6.283 ns   ; l     ; stepz[4] ; clk      ;
; N/A   ; None         ; 6.253 ns   ; l     ; stepz[2] ; clk      ;
; N/A   ; None         ; 6.035 ns   ; r     ; y[0]     ; clk      ;
; N/A   ; None         ; 5.918 ns   ; r     ; steps[0] ; clk      ;
; N/A   ; None         ; 5.918 ns   ; r     ; stepg[3] ; clk      ;
; N/A   ; None         ; 5.918 ns   ; r     ; stepg[2] ; clk      ;
; N/A   ; None         ; 5.918 ns   ; r     ; stepg[1] ; clk      ;
; N/A   ; None         ; 5.855 ns   ; l     ; y[1]     ; clk      ;
; N/A   ; None         ; 5.855 ns   ; l     ; y[2]     ; clk      ;
; N/A   ; None         ; 5.841 ns   ; r     ; steps[3] ; clk      ;
; N/A   ; None         ; 5.837 ns   ; r     ; steps[1] ; clk      ;
; N/A   ; None         ; 5.829 ns   ; u     ; y[0]     ; clk      ;
; N/A   ; None         ; 5.800 ns   ; r     ; vic      ; clk      ;
; N/A   ; None         ; 5.712 ns   ; u     ; steps[0] ; clk      ;
; N/A   ; None         ; 5.712 ns   ; u     ; stepg[3] ; clk      ;
; N/A   ; None         ; 5.712 ns   ; u     ; stepg[2] ; clk      ;
; N/A   ; None         ; 5.712 ns   ; u     ; stepg[1] ; clk      ;
; N/A   ; None         ; 5.635 ns   ; u     ; steps[3] ; clk      ;
; N/A   ; None         ; 5.631 ns   ; u     ; steps[1] ; clk      ;
; N/A   ; None         ; 5.630 ns   ; l     ; steps[0] ; clk      ;
; N/A   ; None         ; 5.630 ns   ; l     ; stepg[3] ; clk      ;
; N/A   ; None         ; 5.630 ns   ; l     ; stepg[2] ; clk      ;
; N/A   ; None         ; 5.630 ns   ; l     ; stepg[1] ; clk      ;
; N/A   ; None         ; 5.594 ns   ; u     ; vic      ; clk      ;
; N/A   ; None         ; 5.576 ns   ; r     ; x[1]     ; clk      ;
; N/A   ; None         ; 5.575 ns   ; r     ; x[0]     ; clk      ;
; N/A   ; None         ; 5.572 ns   ; r     ; x[2]     ; clk      ;
; N/A   ; None         ; 5.553 ns   ; l     ; steps[3] ; clk      ;
; N/A   ; None         ; 5.549 ns   ; l     ; steps[1] ; clk      ;
; N/A   ; None         ; 5.370 ns   ; u     ; x[1]     ; clk      ;
; N/A   ; None         ; 5.369 ns   ; u     ; x[0]     ; clk      ;
; N/A   ; None         ; 5.366 ns   ; u     ; x[2]     ; clk      ;
; N/A   ; None         ; 5.353 ns   ; l     ; y[0]     ; clk      ;
; N/A   ; None         ; 5.118 ns   ; l     ; vic      ; clk      ;
; N/A   ; None         ; 5.011 ns   ; d     ; y[1]     ; clk      ;
; N/A   ; None         ; 5.011 ns   ; d     ; y[2]     ; clk      ;
; N/A   ; None         ; 4.920 ns   ; d     ; steps[2] ; clk      ;
; N/A   ; None         ; 4.894 ns   ; l     ; x[1]     ; clk      ;
; N/A   ; None         ; 4.893 ns   ; l     ; x[0]     ; clk      ;
; N/A   ; None         ; 4.890 ns   ; l     ; x[2]     ; clk      ;
; N/A   ; None         ; 4.509 ns   ; d     ; y[0]     ; clk      ;
; N/A   ; None         ; 4.414 ns   ; d     ; stepz[1] ; clk      ;
; N/A   ; None         ; 4.414 ns   ; d     ; stepz[0] ; clk      ;
; N/A   ; None         ; 4.414 ns   ; d     ; stepz[3] ; clk      ;
; N/A   ; None         ; 4.407 ns   ; d     ; stepz[6] ; clk      ;
; N/A   ; None         ; 4.407 ns   ; d     ; stepz[5] ; clk      ;
; N/A   ; None         ; 4.407 ns   ; d     ; stepz[4] ; clk      ;
; N/A   ; None         ; 4.377 ns   ; d     ; stepz[2] ; clk      ;
; N/A   ; None         ; 4.274 ns   ; d     ; vic      ; clk      ;
; N/A   ; None         ; 4.050 ns   ; d     ; x[1]     ; clk      ;
; N/A   ; None         ; 4.049 ns   ; d     ; x[0]     ; clk      ;
; N/A   ; None         ; 4.046 ns   ; d     ; x[2]     ; clk      ;
; N/A   ; None         ; 3.754 ns   ; d     ; steps[0] ; clk      ;
; N/A   ; None         ; 3.754 ns   ; d     ; stepg[3] ; clk      ;
; N/A   ; None         ; 3.754 ns   ; d     ; stepg[2] ; clk      ;
; N/A   ; None         ; 3.754 ns   ; d     ; stepg[1] ; clk      ;
; N/A   ; None         ; 3.677 ns   ; d     ; steps[3] ; clk      ;
; N/A   ; None         ; 3.673 ns   ; d     ; steps[1] ; clk      ;
; N/A   ; None         ; 2.099 ns   ; reset ; treset   ; clk      ;
; N/A   ; None         ; 2.092 ns   ; reset ; dzwork   ; clk      ;
; N/A   ; None         ; 2.065 ns   ; reset ; twork    ; clk      ;
; N/A   ; None         ; 2.042 ns   ; reset ; smgwork  ; clk      ;
; N/A   ; None         ; 2.002 ns   ; start ; tostart  ; clk      ;
; N/A   ; None         ; 1.827 ns   ; reset ; tostart  ; clk      ;
+-------+--------------+------------+-------+----------+----------+


+---------------------------------------------------------------------------------+
; tco                                                                             ;
+-------+--------------+------------+------------------+-------------+------------+
; Slack ; Required tco ; Actual tco ; From             ; To          ; From Clock ;
+-------+--------------+------------+------------------+-------------+------------+
; N/A   ; None         ; 13.331 ns  ; smgstate[5]~reg0 ; smgstate[5] ; clk        ;
; N/A   ; None         ; 12.983 ns  ; smgstate[4]~reg0 ; smgstate[4] ; clk        ;
; N/A   ; None         ; 12.981 ns  ; smgstate[0]~reg0 ; smgstate[0] ; clk        ;
; N/A   ; None         ; 12.941 ns  ; smgstate[1]~reg0 ; smgstate[1] ; clk        ;
; N/A   ; None         ; 11.612 ns  ; smgshow[3]~reg0  ; smgshow[3]  ; clk        ;
; N/A   ; None         ; 11.612 ns  ; smgshow[2]~reg0  ; smgshow[2]  ; clk        ;
; N/A   ; None         ; 11.607 ns  ; smgshow[7]~reg0  ; smgshow[7]  ; clk        ;
; N/A   ; None         ; 11.607 ns  ; smgshow[6]~reg0  ; smgshow[6]  ; clk        ;
; N/A   ; None         ; 11.607 ns  ; smgshow[5]~reg0  ; smgshow[5]  ; clk        ;
; N/A   ; None         ; 11.607 ns  ; smgshow[4]~reg0  ; smgshow[4]  ; clk        ;
; N/A   ; None         ; 11.607 ns  ; smgshow[1]~reg0  ; smgshow[1]  ; clk        ;
; N/A   ; None         ; 9.673 ns   ; dzshow[4]~reg0   ; dzshow[4]   ; clk        ;
; N/A   ; None         ; 9.562 ns   ; dzshow[14]~reg0  ; dzshow[14]  ; clk        ;
; N/A   ; None         ; 9.519 ns   ; dzshow[13]~reg0  ; dzshow[13]  ; clk        ;
; N/A   ; None         ; 9.294 ns   ; dzshow[15]~reg0  ; dzshow[15]  ; clk        ;
; N/A   ; None         ; 9.268 ns   ; dzshow[1]~reg0   ; dzshow[1]   ; clk        ;
; N/A   ; None         ; 9.209 ns   ; dzshow[23]~reg0  ; dzshow[23]  ; clk        ;
; N/A   ; None         ; 9.090 ns   ; dzshow[11]~reg0  ; dzshow[11]  ; clk        ;
; N/A   ; None         ; 8.732 ns   ; dzshow[22]~reg0  ; dzshow[22]  ; clk        ;
; N/A   ; None         ; 8.671 ns   ; dzshow[21]~reg0  ; dzshow[21]  ; clk        ;
; N/A   ; None         ; 8.661 ns   ; dzshow[19]~reg0  ; dzshow[19]  ; clk        ;
; N/A   ; None         ; 8.634 ns   ; dzshow[20]~reg0  ; dzshow[20]  ; clk        ;
; N/A   ; None         ; 8.627 ns   ; dzshow[18]~reg0  ; dzshow[18]  ; clk        ;
; N/A   ; None         ; 8.561 ns   ; dzshow[5]~reg0   ; dzshow[5]   ; clk        ;
; N/A   ; None         ; 8.535 ns   ; dzshow[17]~reg0  ; dzshow[17]  ; clk        ;
; N/A   ; None         ; 8.454 ns   ; dzshow[16]~reg0  ; dzshow[16]  ; clk        ;
; N/A   ; None         ; 8.415 ns   ; dzshow[6]~reg0   ; dzshow[6]   ; clk        ;
; N/A   ; None         ; 7.337 ns   ; dzshow[3]~reg0   ; dzshow[3]   ; clk        ;
; N/A   ; None         ; 7.328 ns   ; dzshow[10]~reg0  ; dzshow[10]  ; clk        ;
; N/A   ; None         ; 7.324 ns   ; dzshow[0]~reg0   ; dzshow[0]   ; clk        ;
; N/A   ; None         ; 7.318 ns   ; dzshow[2]~reg0   ; dzshow[2]   ; clk        ;
; N/A   ; None         ; 7.298 ns   ; dzshow[8]~reg0   ; dzshow[8]   ; clk        ;
; N/A   ; None         ; 7.295 ns   ; dzshow[12]~reg0  ; dzshow[12]  ; clk        ;
; N/A   ; None         ; 7.285 ns   ; dzshow[9]~reg0   ; dzshow[9]   ; clk        ;
; N/A   ; None         ; 7.285 ns   ; dzshow[7]~reg0   ; dzshow[7]   ; clk        ;
+-------+--------------+------------+------------------+-------------+------------+


+-----------------------------------------------------------------------+
; th                                                                    ;
+---------------+-------------+-----------+-------+----------+----------+
; Minimum Slack ; Required th ; Actual th ; From  ; To       ; To Clock ;
+---------------+-------------+-----------+-------+----------+----------+
; N/A           ; None        ; 4.373 ns  ; l     ; x[0]     ; clk      ;
; N/A           ; None        ; 4.337 ns  ; d     ; y[1]     ; clk      ;
; N/A           ; None        ; 3.722 ns  ; l     ; y[1]     ; clk      ;
; N/A           ; None        ; 3.534 ns  ; r     ; x[0]     ; clk      ;
; N/A           ; None        ; 3.333 ns  ; d     ; y[2]     ; clk      ;
; N/A           ; None        ; 3.017 ns  ; u     ; y[1]     ; clk      ;
; N/A           ; None        ; 2.811 ns  ; r     ; y[1]     ; clk      ;
; N/A           ; None        ; 2.718 ns  ; l     ; y[2]     ; clk      ;
; N/A           ; None        ; 2.253 ns  ; u     ; y[2]     ; clk      ;
; N/A           ; None        ; 1.864 ns  ; r     ; y[2]     ; clk      ;
; N/A           ; None        ; 1.741 ns  ; l     ; x[1]     ; clk      ;
; N/A           ; None        ; 1.369 ns  ; r     ; x[1]     ; clk      ;
; N/A           ; None        ; 0.956 ns  ; d     ; y[0]     ; clk      ;
; N/A           ; None        ; 0.837 ns  ; l     ; x[2]     ; clk      ;
; N/A           ; None        ; 0.493 ns  ; d     ; x[2]     ; clk      ;
; N/A           ; None        ; 0.490 ns  ; d     ; x[0]     ; clk      ;
; N/A           ; None        ; 0.489 ns  ; d     ; x[1]     ; clk      ;
; N/A           ; None        ; 0.467 ns  ; r     ; x[2]     ; clk      ;
; N/A           ; None        ; 0.341 ns  ; l     ; y[0]     ; clk      ;
; N/A           ; None        ; -0.280 ns ; d     ; steps[1] ; clk      ;
; N/A           ; None        ; -0.284 ns ; d     ; steps[3] ; clk      ;
; N/A           ; None        ; -0.361 ns ; d     ; steps[0] ; clk      ;
; N/A           ; None        ; -0.361 ns ; d     ; stepg[3] ; clk      ;
; N/A           ; None        ; -0.361 ns ; d     ; stepg[2] ; clk      ;
; N/A           ; None        ; -0.361 ns ; d     ; stepg[1] ; clk      ;
; N/A           ; None        ; -0.364 ns ; u     ; y[0]     ; clk      ;
; N/A           ; None        ; -0.566 ns ; r     ; y[0]     ; clk      ;
; N/A           ; None        ; -0.827 ns ; u     ; x[2]     ; clk      ;
; N/A           ; None        ; -0.830 ns ; u     ; x[0]     ; clk      ;
; N/A           ; None        ; -0.831 ns ; u     ; x[1]     ; clk      ;
; N/A           ; None        ; -0.895 ns ; l     ; steps[1] ; clk      ;
; N/A           ; None        ; -0.899 ns ; l     ; steps[3] ; clk      ;
; N/A           ; None        ; -0.976 ns ; l     ; steps[0] ; clk      ;
; N/A           ; None        ; -0.976 ns ; l     ; stepg[3] ; clk      ;
; N/A           ; None        ; -0.976 ns ; l     ; stepg[2] ; clk      ;
; N/A           ; None        ; -0.976 ns ; l     ; stepg[1] ; clk      ;
; N/A           ; None        ; -0.984 ns ; d     ; stepz[2] ; clk      ;
; N/A           ; None        ; -1.014 ns ; d     ; stepz[6] ; clk      ;
; N/A           ; None        ; -1.014 ns ; d     ; stepz[5] ; clk      ;
; N/A           ; None        ; -1.014 ns ; d     ; stepz[4] ; clk      ;
; N/A           ; None        ; -1.021 ns ; d     ; stepz[1] ; clk      ;
; N/A           ; None        ; -1.021 ns ; d     ; stepz[0] ; clk      ;
; N/A           ; None        ; -1.021 ns ; d     ; stepz[3] ; clk      ;
; N/A           ; None        ; -1.273 ns ; reset ; tostart  ; clk      ;
; N/A           ; None        ; -1.448 ns ; start ; tostart  ; clk      ;
; N/A           ; None        ; -1.488 ns ; reset ; smgwork  ; clk      ;
; N/A           ; None        ; -1.511 ns ; reset ; twork    ; clk      ;
; N/A           ; None        ; -1.527 ns ; d     ; steps[2] ; clk      ;
; N/A           ; None        ; -1.538 ns ; reset ; dzwork   ; clk      ;
; N/A           ; None        ; -1.545 ns ; reset ; treset   ; clk      ;
; N/A           ; None        ; -1.599 ns ; l     ; stepz[2] ; clk      ;
; N/A           ; None        ; -1.600 ns ; u     ; steps[1] ; clk      ;
; N/A           ; None        ; -1.604 ns ; u     ; steps[3] ; clk      ;
; N/A           ; None        ; -1.629 ns ; l     ; stepz[6] ; clk      ;
; N/A           ; None        ; -1.629 ns ; l     ; stepz[5] ; clk      ;
; N/A           ; None        ; -1.629 ns ; l     ; stepz[4] ; clk      ;
; N/A           ; None        ; -1.636 ns ; l     ; stepz[1] ; clk      ;
; N/A           ; None        ; -1.636 ns ; l     ; stepz[0] ; clk      ;
; N/A           ; None        ; -1.636 ns ; l     ; stepz[3] ; clk      ;
; N/A           ; None        ; -1.681 ns ; u     ; steps[0] ; clk      ;
; N/A           ; None        ; -1.681 ns ; u     ; stepg[3] ; clk      ;
; N/A           ; None        ; -1.681 ns ; u     ; stepg[2] ; clk      ;
; N/A           ; None        ; -1.681 ns ; u     ; stepg[1] ; clk      ;
; N/A           ; None        ; -1.719 ns ; l     ; vic      ; clk      ;
; N/A           ; None        ; -1.802 ns ; r     ; steps[1] ; clk      ;
; N/A           ; None        ; -1.806 ns ; r     ; steps[3] ; clk      ;
; N/A           ; None        ; -1.883 ns ; r     ; steps[0] ; clk      ;
; N/A           ; None        ; -1.883 ns ; r     ; stepg[3] ; clk      ;
; N/A           ; None        ; -1.883 ns ; r     ; stepg[2] ; clk      ;
; N/A           ; None        ; -1.883 ns ; r     ; stepg[1] ; clk      ;
; N/A           ; None        ; -2.088 ns ; d     ; vic      ; clk      ;
; N/A           ; None        ; -2.094 ns ; r     ; vic      ; clk      ;
; N/A           ; None        ; -2.142 ns ; l     ; steps[2] ; clk      ;
; N/A           ; None        ; -2.304 ns ; u     ; stepz[2] ; clk      ;
; N/A           ; None        ; -2.334 ns ; u     ; stepz[6] ; clk      ;
; N/A           ; None        ; -2.334 ns ; u     ; stepz[5] ; clk      ;
; N/A           ; None        ; -2.334 ns ; u     ; stepz[4] ; clk      ;
; N/A           ; None        ; -2.341 ns ; u     ; stepz[1] ; clk      ;
; N/A           ; None        ; -2.341 ns ; u     ; stepz[0] ; clk      ;
; N/A           ; None        ; -2.341 ns ; u     ; stepz[3] ; clk      ;
; N/A           ; None        ; -2.506 ns ; r     ; stepz[2] ; clk      ;
; N/A           ; None        ; -2.536 ns ; r     ; stepz[6] ; clk      ;
; N/A           ; None        ; -2.536 ns ; r     ; stepz[5] ; clk      ;
; N/A           ; None        ; -2.536 ns ; r     ; stepz[4] ; clk      ;
; N/A           ; None        ; -2.543 ns ; r     ; stepz[1] ; clk      ;
; N/A           ; None        ; -2.543 ns ; r     ; stepz[0] ; clk      ;
; N/A           ; None        ; -2.543 ns ; r     ; stepz[3] ; clk      ;
; N/A           ; None        ; -2.847 ns ; u     ; steps[2] ; clk      ;
; N/A           ; None        ; -3.049 ns ; r     ; steps[2] ; clk      ;
; N/A           ; None        ; -3.408 ns ; u     ; vic      ; clk      ;
+---------------+-------------+-----------+-------+----------+----------+


+--------------------------+
; Timing Analyzer Messages ;
+--------------------------+
Info: *******************************************************************
Info: Running Quartus II Classic Timing Analyzer
    Info: Version 9.1 Build 222 10/21/2009 SJ Full Version
    Info: Processing started: Sun Oct 26 21:58:47 2014
Info: Command: quartus_tan --read_settings_files=off --write_settings_files=off maze -c maze
Info: Parallel compilation is enabled and will use 2 of the 2 processors detected
Info: Started post-fitting delay annotation
Info: Delay annotation completed successfully
Warning: Found pins functioning as undefined clocks and/or memory enables
    Info: Assuming node "clk" is an undefined clock
Warning: Found 3 node(s) in clock paths which may be acting as ripple and/or gated clocks -- node(s) analyzed as buffer(s) resulting in clock skew
    Info: Detected ripple clock "clk_dz" as buffer
    Info: Detected ripple clock "clk_time" as buffer
    Info: Detected ripple clock "clk_key" as buffer
Info: Clock "clk" has Internal fmax of 35.07 MHz between source register "stepz[2]" and destination register "stepg[3]" (period= 28.512 ns)
    Info: + Longest register to register delay is 27.803 ns
        Info: 1: + IC(0.000 ns) + CELL(0.000 ns) = 0.000 ns; Loc. = LC_X11_Y7_N1; Fanout = 3; REG Node = 'stepz[2]'
        Info: 2: + IC(1.324 ns) + CELL(0.978 ns) = 2.302 ns; Loc. = LC_X10_Y7_N3; Fanout = 2; COMB Node = 'Add12~7'
        Info: 3: + IC(0.000 ns) + CELL(0.261 ns) = 2.563 ns; Loc. = LC_X10_Y7_N4; Fanout = 3; COMB Node = 'Add12~2'
        Info: 4: + IC(0.000 ns) + CELL(0.975 ns) = 3.538 ns; Loc. = LC_X10_Y7_N5; Fanout = 6; COMB Node = 'Add12~30'
        Info: 5: + IC(1.958 ns) + CELL(0.747 ns) = 6.243 ns; Loc. = LC_X9_Y8_N8; Fanout = 1; COMB Node = 'lpm_divide:Div1|lpm_divide_pvl:auto_generated|sign_div_unsign_akh:divider|alt_u_div_gie:divider|add_sub_h7c:add_sub_3|add_sub_cella[1]~COUT'
        Info: 6: + IC(0.000 ns) + CELL(0.815 ns) = 7.058 ns; Loc. = LC_X9_Y8_N9; Fanout = 2; COMB Node = 'lpm_divide:Div1|lpm_divide_pvl:auto_generated|sign_div_unsign_akh:divider|alt_u_div_gie:divider|add_sub_h7c:add_sub_3|add_sub_cella[2]~22'
        Info: 7: + IC(0.720 ns) + CELL(0.747 ns) = 8.525 ns; Loc. = LC_X9_Y8_N1; Fanout = 2; COMB Node = 'lpm_divide:Div1|lpm_divide_pvl:auto_generated|sign_div_unsign_akh:divider|alt_u_div_gie:divider|add_sub_h7c:add_sub_3|add_sub_cella[2]~17'
        Info: 8: + IC(0.000 ns) + CELL(0.123 ns) = 8.648 ns; Loc. = LC_X9_Y8_N2; Fanout = 2; COMB Node = 'lpm_divide:Div1|lpm_divide_pvl:auto_generated|sign_div_unsign_akh:divider|alt_u_div_gie:divider|add_sub_h7c:add_sub_3|add_sub_cella[2]~12'
        Info: 9: + IC(0.000 ns) + CELL(0.123 ns) = 8.771 ns; Loc. = LC_X9_Y8_N3; Fanout = 2; COMB Node = 'lpm_divide:Div1|lpm_divide_pvl:auto_generated|sign_div_unsign_akh:divider|alt_u_div_gie:divider|add_sub_h7c:add_sub_3|add_sub_cella[2]~7'
        Info: 10: + IC(0.000 ns) + CELL(0.815 ns) = 9.586 ns; Loc. = LC_X9_Y8_N4; Fanout = 8; COMB Node = 'lpm_divide:Div1|lpm_divide_pvl:auto_generated|sign_div_unsign_akh:divider|alt_u_div_gie:divider|add_sub_h7c:add_sub_3|add_sub_cella[2]~0'
        Info: 11: + IC(1.822 ns) + CELL(0.200 ns) = 11.608 ns; Loc. = LC_X10_Y8_N8; Fanout = 2; COMB Node = 'lpm_divide:Div1|lpm_divide_pvl:auto_generated|sign_div_unsign_akh:divider|alt_u_div_gie:divider|StageOut[18]~3'
        Info: 12: + IC(0.703 ns) + CELL(0.978 ns) = 13.289 ns; Loc. = LC_X10_Y8_N3; Fanout = 2; COMB Node = 'lpm_divide:Div1|lpm_divide_pvl:auto_generated|sign_div_unsign_akh:divider|alt_u_div_gie:divider|add_sub_i7c:add_sub_4|add_sub_cella[2]~7'
        Info: 13: + IC(0.000 ns) + CELL(0.815 ns) = 14.104 ns; Loc. = LC_X10_Y8_N4; Fanout = 9; COMB Node = 'lpm_divide:Div1|lpm_divide_pvl:auto_generated|sign_div_unsign_akh:divider|alt_u_div_gie:divider|add_sub_i7c:add_sub_4|add_sub_cella[2]~0'
        Info: 14: + IC(0.802 ns) + CELL(0.511 ns) = 15.417 ns; Loc. = LC_X10_Y8_N5; Fanout = 2; COMB Node = 'lpm_divide:Div1|lpm_divide_pvl:auto_generated|sign_div_unsign_akh:divider|alt_u_div_gie:divider|StageOut[23]~1'
        Info: 15: + IC(1.110 ns) + CELL(0.978 ns) = 17.505 ns; Loc. = LC_X11_Y8_N8; Fanout = 2; COMB Node = 'lpm_divide:Div1|lpm_divide_pvl:auto_generated|sign_div_unsign_akh:divider|alt_u_div_gie:divider|add_sub_i7c:add_sub_5|add_sub_cella[2]~7'
        Info: 16: + IC(0.000 ns) + CELL(0.815 ns) = 18.320 ns; Loc. = LC_X11_Y8_N9; Fanout = 11; COMB Node = 'lpm_divide:Div1|lpm_divide_pvl:auto_generated|sign_div_unsign_akh:divider|alt_u_div_gie:divider|add_sub_i7c:add_sub_5|add_sub_cella[2]~0'
        Info: 17: + IC(2.562 ns) + CELL(0.200 ns) = 21.082 ns; Loc. = LC_X11_Y7_N9; Fanout = 2; COMB Node = 'lpm_divide:Div1|lpm_divide_pvl:auto_generated|sign_div_unsign_akh:divider|alt_u_div_gie:divider|StageOut[26]~16'
        Info: 18: + IC(1.859 ns) + CELL(0.747 ns) = 23.688 ns; Loc. = LC_X12_Y7_N1; Fanout = 1; COMB Node = 'lpm_divide:Div1|lpm_divide_pvl:auto_generated|sign_div_unsign_akh:divider|alt_u_div_gie:divider|add_sub_i7c:add_sub_6|add_sub_cella[2]~17'
        Info: 19: + IC(0.000 ns) + CELL(0.123 ns) = 23.811 ns; Loc. = LC_X12_Y7_N2; Fanout = 1; COMB Node = 'lpm_divide:Div1|lpm_divide_pvl:auto_generated|sign_div_unsign_akh:divider|alt_u_div_gie:divider|add_sub_i7c:add_sub_6|add_sub_cella[2]~12'
        Info: 20: + IC(0.000 ns) + CELL(0.123 ns) = 23.934 ns; Loc. = LC_X12_Y7_N3; Fanout = 2; COMB Node = 'lpm_divide:Div1|lpm_divide_pvl:auto_generated|sign_div_unsign_akh:divider|alt_u_div_gie:divider|add_sub_i7c:add_sub_6|add_sub_cella[2]~7'
        Info: 21: + IC(0.000 ns) + CELL(0.815 ns) = 24.749 ns; Loc. = LC_X12_Y7_N4; Fanout = 4; COMB Node = 'lpm_divide:Div1|lpm_divide_pvl:auto_generated|sign_div_unsign_akh:divider|alt_u_div_gie:divider|add_sub_i7c:add_sub_6|add_sub_cella[2]~0'
        Info: 22: + IC(0.791 ns) + CELL(0.511 ns) = 26.051 ns; Loc. = LC_X12_Y7_N6; Fanout = 1; COMB Node = 'Add13~0'
        Info: 23: + IC(1.161 ns) + CELL(0.591 ns) = 27.803 ns; Loc. = LC_X12_Y7_N9; Fanout = 4; REG Node = 'stepg[3]'
        Info: Total cell delay = 12.991 ns ( 46.73 % )
        Info: Total interconnect delay = 14.812 ns ( 53.27 % )
    Info: - Smallest clock skew is 0.000 ns
        Info: + Shortest clock path from clock "clk" to destination register is 9.076 ns
            Info: 1: + IC(0.000 ns) + CELL(1.163 ns) = 1.163 ns; Loc. = PIN_18; Fanout = 104; CLK Node = 'clk'
            Info: 2: + IC(1.738 ns) + CELL(1.294 ns) = 4.195 ns; Loc. = LC_X11_Y5_N6; Fanout = 23; REG Node = 'clk_key'
            Info: 3: + IC(3.963 ns) + CELL(0.918 ns) = 9.076 ns; Loc. = LC_X12_Y7_N9; Fanout = 4; REG Node = 'stepg[3]'
            Info: Total cell delay = 3.375 ns ( 37.19 % )
            Info: Total interconnect delay = 5.701 ns ( 62.81 % )
        Info: - Longest clock path from clock "clk" to source register is 9.076 ns
            Info: 1: + IC(0.000 ns) + CELL(1.163 ns) = 1.163 ns; Loc. = PIN_18; Fanout = 104; CLK Node = 'clk'
            Info: 2: + IC(1.738 ns) + CELL(1.294 ns) = 4.195 ns; Loc. = LC_X11_Y5_N6; Fanout = 23; REG Node = 'clk_key'
            Info: 3: + IC(3.963 ns) + CELL(0.918 ns) = 9.076 ns; Loc. = LC_X11_Y7_N1; Fanout = 3; REG Node = 'stepz[2]'
            Info: Total cell delay = 3.375 ns ( 37.19 % )
            Info: Total interconnect delay = 5.701 ns ( 62.81 % )
    Info: + Micro clock to output delay of source is 0.376 ns
    Info: + Micro setup delay of destination is 0.333 ns
Warning: Circuit may not operate. Detected 25 non-operational path(s) clocked by clock "clk" with clock skew larger than data delay. See Compilation Report for details.
Info: Found hold time violation between source  pin or register "worked" and destination pin or register "aashan[0]" for clock "clk" (Hold time is 4.054 ns)
    Info: + Largest clock skew is 6.310 ns
        Info: + Longest clock path from clock "clk" to destination register is 10.129 ns
            Info: 1: + IC(0.000 ns) + CELL(1.163 ns) = 1.163 ns; Loc. = PIN_18; Fanout = 104; CLK Node = 'clk'
            Info: 2: + IC(1.738 ns) + CELL(1.294 ns) = 4.195 ns; Loc. = LC_X6_Y6_N4; Fanout = 6; REG Node = 'clk_dz'
            Info: 3: + IC(5.016 ns) + CELL(0.918 ns) = 10.129 ns; Loc. = LC_X7_Y8_N0; Fanout = 14; REG Node = 'aashan[0]'
            Info: Total cell delay = 3.375 ns ( 33.32 % )
            Info: Total interconnect delay = 6.754 ns ( 66.68 % )
        Info: - Shortest clock path from clock "clk" to source register is 3.819 ns
            Info: 1: + IC(0.000 ns) + CELL(1.163 ns) = 1.163 ns; Loc. = PIN_18; Fanout = 104; CLK Node = 'clk'
            Info: 2: + IC(1.738 ns) + CELL(0.918 ns) = 3.819 ns; Loc. = LC_X7_Y8_N4; Fanout = 35; REG Node = 'worked'
            Info: Total cell delay = 2.081 ns ( 54.49 % )
            Info: Total interconnect delay = 1.738 ns ( 45.51 % )
    Info: - Micro clock to output delay of source is 0.376 ns
    Info: - Shortest register to register delay is 2.101 ns
        Info: 1: + IC(0.000 ns) + CELL(0.000 ns) = 0.000 ns; Loc. = LC_X7_Y8_N4; Fanout = 35; REG Node = 'worked'
        Info: 2: + IC(0.918 ns) + CELL(1.183 ns) = 2.101 ns; Loc. = LC_X7_Y8_N0; Fanout = 14; REG Node = 'aashan[0]'
        Info: Total cell delay = 1.183 ns ( 56.31 % )
        Info: Total interconnect delay = 0.918 ns ( 43.69 % )
    Info: + Micro hold delay of destination is 0.221 ns
Info: tsu for register "steps[2]" (data pin = "r", clock pin = "clk") is 7.084 ns
    Info: + Longest pin to register delay is 15.827 ns
        Info: 1: + IC(0.000 ns) + CELL(1.132 ns) = 1.132 ns; Loc. = PIN_61; Fanout = 7; PIN Node = 'r'
        Info: 2: + IC(3.598 ns) + CELL(0.511 ns) = 5.241 ns; Loc. = LC_X12_Y8_N2; Fanout = 3; COMB Node = 'dery~1'
        Info: 3: + IC(1.168 ns) + CELL(0.740 ns) = 7.149 ns; Loc. = LC_X13_Y8_N7; Fanout = 5; COMB Node = 'Add11~0'
        Info: 4: + IC(1.249 ns) + CELL(0.200 ns) = 8.598 ns; Loc. = LC_X14_Y8_N4; Fanout = 1; COMB Node = 'lg~3'
        Info: 5: + IC(0.779 ns) + CELL(0.511 ns) = 9.888 ns; Loc. = LC_X14_Y8_N6; Fanout = 3; COMB Node = 'lg~5'
        Info: 6: + IC(1.169 ns) + CELL(0.511 ns) = 11.568 ns; Loc. = LC_X13_Y8_N3; Fanout = 14; COMB Node = 'stepg[3]~6'
        Info: 7: + IC(3.016 ns) + CELL(1.243 ns) = 15.827 ns; Loc. = LC_X10_Y8_N4; Fanout = 6; REG Node = 'steps[2]'
        Info: Total cell delay = 4.848 ns ( 30.63 % )
        Info: Total interconnect delay = 10.979 ns ( 69.37 % )
    Info: + Micro setup delay of destination is 0.333 ns
    Info: - Shortest clock path from clock "clk" to destination register is 9.076 ns
        Info: 1: + IC(0.000 ns) + CELL(1.163 ns) = 1.163 ns; Loc. = PIN_18; Fanout = 104; CLK Node = 'clk'
        Info: 2: + IC(1.738 ns) + CELL(1.294 ns) = 4.195 ns; Loc. = LC_X11_Y5_N6; Fanout = 23; REG Node = 'clk_key'
        Info: 3: + IC(3.963 ns) + CELL(0.918 ns) = 9.076 ns; Loc. = LC_X10_Y8_N4; Fanout = 6; REG Node = 'steps[2]'
        Info: Total cell delay = 3.375 ns ( 37.19 % )
        Info: Total interconnect delay = 5.701 ns ( 62.81 % )
Info: tco from clock "clk" to destination pin "smgstate[5]" through register "smgstate[5]~reg0" is 13.331 ns
    Info: + Longest clock path from clock "clk" to source register is 8.136 ns
        Info: 1: + IC(0.000 ns) + CELL(1.163 ns) = 1.163 ns; Loc. = PIN_18; Fanout = 104; CLK Node = 'clk'
        Info: 2: + IC(1.738 ns) + CELL(1.294 ns) = 4.195 ns; Loc. = LC_X12_Y3_N9; Fanout = 43; REG Node = 'clk_time'
        Info: 3: + IC(3.023 ns) + CELL(0.918 ns) = 8.136 ns; Loc. = LC_X7_Y7_N9; Fanout = 1; REG Node = 'smgstate[5]~reg0'
        Info: Total cell delay = 3.375 ns ( 41.48 % )
        Info: Total interconnect delay = 4.761 ns ( 58.52 % )
    Info: + Micro clock to output delay of source is 0.376 ns
    Info: + Longest register to pin delay is 4.819 ns
        Info: 1: + IC(0.000 ns) + CELL(0.000 ns) = 0.000 ns; Loc. = LC_X7_Y7_N9; Fanout = 1; REG Node = 'smgstate[5]~reg0'
        Info: 2: + IC(2.497 ns) + CELL(2.322 ns) = 4.819 ns; Loc. = PIN_13; Fanout = 0; PIN Node = 'smgstate[5]'
        Info: Total cell delay = 2.322 ns ( 48.18 % )
        Info: Total interconnect delay = 2.497 ns ( 51.82 % )
Info: th for register "x[0]" (data pin = "l", clock pin = "clk") is 4.373 ns
    Info: + Longest clock path from clock "clk" to destination register is 9.076 ns
        Info: 1: + IC(0.000 ns) + CELL(1.163 ns) = 1.163 ns; Loc. = PIN_18; Fanout = 104; CLK Node = 'clk'
        Info: 2: + IC(1.738 ns) + CELL(1.294 ns) = 4.195 ns; Loc. = LC_X11_Y5_N6; Fanout = 23; REG Node = 'clk_key'
        Info: 3: + IC(3.963 ns) + CELL(0.918 ns) = 9.076 ns; Loc. = LC_X14_Y8_N1; Fanout = 12; REG Node = 'x[0]'
        Info: Total cell delay = 3.375 ns ( 37.19 % )
        Info: Total interconnect delay = 5.701 ns ( 62.81 % )
    Info: + Micro hold delay of destination is 0.221 ns
    Info: - Shortest pin to register delay is 4.924 ns
        Info: 1: + IC(0.000 ns) + CELL(1.163 ns) = 1.163 ns; Loc. = PIN_91; Fanout = 9; PIN Node = 'l'
        Info: 2: + IC(2.578 ns) + CELL(1.183 ns) = 4.924 ns; Loc. = LC_X14_Y8_N1; Fanout = 12; REG Node = 'x[0]'
        Info: Total cell delay = 2.346 ns ( 47.64 % )
        Info: Total interconnect delay = 2.578 ns ( 52.36 % )
Info: Quartus II Classic Timing Analyzer was successful. 0 errors, 3 warnings
    Info: Peak virtual memory: 177 megabytes
    Info: Processing ended: Sun Oct 26 21:58:48 2014
    Info: Elapsed time: 00:00:01
    Info: Total CPU time (on all processors): 00:00:01


